{"level":"error","message":"Failed to start server: Access denied for user 'root'@'localhost' (using password: NO)","name":"SequelizeAccessDeniedError","original":{"code":"ER_ACCESS_DENIED_ERROR","errno":1045,"sqlMessage":"Access denied for user 'root'@'localhost' (using password: NO)","sqlState":"28000"},"parent":{"code":"ER_ACCESS_DENIED_ERROR","errno":1045,"sqlMessage":"Access denied for user 'root'@'localhost' (using password: NO)","sqlState":"28000"},"service":"bitrix-admin-api","stack":"SequelizeAccessDeniedError: Access denied for user 'root'@'localhost' (using password: NO)\n    at ConnectionManager.connect (/var/work/paymentApp/src/node_modules/sequelize/lib/dialects/mysql/connection-manager.js:94:17)\n    at process.processTicksAndRejections (node:internal/process/task_queues:105:5)\n    at async ConnectionManager._connect (/var/work/paymentApp/src/node_modules/sequelize/lib/dialects/abstract/connection-manager.js:222:24)\n    at async /var/work/paymentApp/src/node_modules/sequelize/lib/dialects/abstract/connection-manager.js:174:32\n    at async ConnectionManager.getConnection (/var/work/paymentApp/src/node_modules/sequelize/lib/dialects/abstract/connection-manager.js:197:7)\n    at async /var/work/paymentApp/src/node_modules/sequelize/lib/sequelize.js:305:26\n    at async Sequelize.authenticate (/var/work/paymentApp/src/node_modules/sequelize/lib/sequelize.js:457:5)\n    at async startServer (/var/work/paymentApp/bin/www:85:5)","timestamp":"2025-12-23 05:38:34"}
{"level":"error","message":"Failed to start server: Unknown database 'bitrix_admin'","name":"SequelizeConnectionError","original":{"code":"ER_BAD_DB_ERROR","errno":1049,"sqlMessage":"Unknown database 'bitrix_admin'","sqlState":"42000"},"parent":{"code":"ER_BAD_DB_ERROR","errno":1049,"sqlMessage":"Unknown database 'bitrix_admin'","sqlState":"42000"},"service":"bitrix-admin-api","stack":"SequelizeConnectionError: Unknown database 'bitrix_admin'\n    at ConnectionManager.connect (/var/work/paymentApp/src/node_modules/sequelize/lib/dialects/mysql/connection-manager.js:102:17)\n    at process.processTicksAndRejections (node:internal/process/task_queues:105:5)\n    at async ConnectionManager._connect (/var/work/paymentApp/src/node_modules/sequelize/lib/dialects/abstract/connection-manager.js:222:24)\n    at async /var/work/paymentApp/src/node_modules/sequelize/lib/dialects/abstract/connection-manager.js:174:32\n    at async ConnectionManager.getConnection (/var/work/paymentApp/src/node_modules/sequelize/lib/dialects/abstract/connection-manager.js:197:7)\n    at async /var/work/paymentApp/src/node_modules/sequelize/lib/sequelize.js:305:26\n    at async Sequelize.authenticate (/var/work/paymentApp/src/node_modules/sequelize/lib/sequelize.js:457:5)\n    at async startServer (/var/work/paymentApp/bin/www:85:5)","timestamp":"2025-12-23 05:39:05"}
{"level":"info","message":"Database connected successfully","service":"bitrix-admin-api","timestamp":"2025-12-23 05:49:09"}
{"level":"info","message":"Database synchronized","service":"bitrix-admin-api","timestamp":"2025-12-23 05:49:12"}
{"level":"info","message":"Server listening on port 3001","service":"bitrix-admin-api","timestamp":"2025-12-23 05:49:12"}
{"level":"info","message":"Database connected successfully","service":"bitrix-admin-api","timestamp":"2025-12-23 05:53:16"}
{"level":"info","message":"Database synchronized","service":"bitrix-admin-api","timestamp":"2025-12-23 05:53:22"}
{"level":"info","message":"Server listening on port 3001","service":"bitrix-admin-api","timestamp":"2025-12-23 05:53:22"}
{"level":"info","message":"Database connected successfully","service":"bitrix-admin-api","timestamp":"2025-12-23 05:55:06"}
{"level":"info","message":"Database connected successfully","service":"bitrix-admin-api","timestamp":"2025-12-23 05:55:12"}
{"level":"info","message":"Database synchronized","service":"bitrix-admin-api","timestamp":"2025-12-23 05:55:19"}
{"level":"info","message":"Server listening on port 3001","service":"bitrix-admin-api","timestamp":"2025-12-23 05:55:19"}
{"level":"info","message":"Database connected successfully","service":"bitrix-admin-api","timestamp":"2025-12-23 05:58:14"}
{"level":"info","message":"Server listening on port 3001","service":"bitrix-admin-api","timestamp":"2025-12-23 05:58:14"}
{"level":"info","message":"Database connected successfully","service":"bitrix-admin-api","timestamp":"2025-12-23 05:58:28"}
{"level":"info","message":"Server listening on port 3001","service":"bitrix-admin-api","timestamp":"2025-12-23 05:58:28"}
{"level":"info","message":"Database connected successfully","service":"bitrix-admin-api","timestamp":"2025-12-23 05:59:18"}
{"level":"info","message":"Database connected successfully","service":"bitrix-admin-api","timestamp":"2025-12-23 05:59:53"}
{"level":"info","message":"Database connected successfully","service":"bitrix-admin-api","timestamp":"2025-12-23 06:02:06"}
{"level":"info","message":"Server listening on port 3001","service":"bitrix-admin-api","timestamp":"2025-12-23 06:02:06"}
{"level":"info","message":"Database connected successfully","service":"bitrix-admin-api","timestamp":"2025-12-23 06:06:29"}
{"level":"info","message":"Database connected successfully","service":"bitrix-admin-api","timestamp":"2025-12-23 06:06:47"}
{"level":"info","message":"Server listening on port 3001","service":"bitrix-admin-api","timestamp":"2025-12-23 06:06:47"}
{"level":"info","message":"Database connected successfully","service":"bitrix-admin-api","timestamp":"2025-12-23 06:20:04"}
{"level":"info","message":"Server listening on port 3001","service":"bitrix-admin-api","timestamp":"2025-12-23 06:20:04"}
{"level":"info","message":"Database connected successfully","service":"bitrix-admin-api","timestamp":"2025-12-23 06:27:36"}
{"level":"info","message":"Database connected successfully","service":"bitrix-admin-api","timestamp":"2025-12-23 06:27:56"}
{"level":"info","message":"Server listening on port 3001","service":"bitrix-admin-api","timestamp":"2025-12-23 06:27:56"}
{"level":"info","message":"Database connected successfully","service":"bitrix-admin-api","timestamp":"2025-12-23 06:36:22"}
{"level":"info","message":"Server listening on port 3001","service":"bitrix-admin-api","timestamp":"2025-12-23 06:36:22"}
{"level":"info","message":"Database connected successfully","service":"bitrix-admin-api","timestamp":"2025-12-23 06:42:49"}
{"level":"info","message":"Server listening on port 3001","service":"bitrix-admin-api","timestamp":"2025-12-23 06:42:49"}
{"level":"info","message":"Database connected successfully","service":"bitrix-admin-api","timestamp":"2025-12-23 06:44:19"}
{"level":"info","message":"Server listening on port 3001","service":"bitrix-admin-api","timestamp":"2025-12-23 06:44:19"}
{"level":"info","message":"Database connected successfully","service":"bitrix-admin-api","timestamp":"2025-12-23 06:44:51"}
{"level":"info","message":"Server listening on port 3001","service":"bitrix-admin-api","timestamp":"2025-12-23 06:44:51"}
{"level":"info","message":"Database connected successfully","service":"bitrix-admin-api","timestamp":"2025-12-23 06:46:16"}
{"level":"info","message":"Server listening on port 3001","service":"bitrix-admin-api","timestamp":"2025-12-23 06:46:16"}
{"level":"info","message":"Database connected successfully","service":"bitrix-admin-api","timestamp":"2025-12-23 08:45:44"}
{"level":"info","message":"Server listening on port 3001","service":"bitrix-admin-api","timestamp":"2025-12-23 08:45:44"}
{"level":"error","message":"Cannot read properties of undefined (reading 'getModel')","method":"GET","path":"/api/portals","service":"bitrix-admin-api","stack":"TypeError: Cannot read properties of undefined (reading 'getModel')\n    at getAll (/var/work/paymentApp/AdminApi/src/controllers/portal.controller.js:9:29)\n    at Layer.handle [as handle_request] (/var/work/paymentApp/AdminApi/node_modules/express/lib/router/layer.js:95:5)\n    at next (/var/work/paymentApp/AdminApi/node_modules/express/lib/router/route.js:137:13)\n    at /var/work/paymentApp/AdminApi/src/middleware/auth.js:52:5\n    at Layer.handle [as handle_request] (/var/work/paymentApp/AdminApi/node_modules/express/lib/router/layer.js:95:5)\n    at next (/var/work/paymentApp/AdminApi/node_modules/express/lib/router/route.js:137:13)\n    at authenticateToken (/var/work/paymentApp/AdminApi/src/middleware/auth.js:27:5)\n    at process.processTicksAndRejections (node:internal/process/task_queues:105:5)","timestamp":"2025-12-23 08:46:37"}
{"level":"info","message":"Database connected successfully","service":"bitrix-admin-api","timestamp":"2025-12-23 08:47:48"}
{"level":"info","message":"Server listening on port 3001","service":"bitrix-admin-api","timestamp":"2025-12-23 08:47:48"}
{"level":"error","message":"Cannot read properties of undefined (reading 'getModel')","method":"GET","path":"/api/portals","service":"bitrix-admin-api","stack":"TypeError: Cannot read properties of undefined (reading 'getModel')\n    at getAll (/var/work/paymentApp/AdminApi/src/controllers/portal.controller.js:9:29)\n    at Layer.handle [as handle_request] (/var/work/paymentApp/AdminApi/node_modules/express/lib/router/layer.js:95:5)\n    at next (/var/work/paymentApp/AdminApi/node_modules/express/lib/router/route.js:137:13)\n    at /var/work/paymentApp/AdminApi/src/middleware/auth.js:52:5\n    at Layer.handle [as handle_request] (/var/work/paymentApp/AdminApi/node_modules/express/lib/router/layer.js:95:5)\n    at next (/var/work/paymentApp/AdminApi/node_modules/express/lib/router/route.js:137:13)\n    at authenticateToken (/var/work/paymentApp/AdminApi/src/middleware/auth.js:27:5)\n    at process.processTicksAndRejections (node:internal/process/task_queues:105:5)","timestamp":"2025-12-23 08:47:58"}
{"level":"error","message":"Cannot read properties of undefined (reading 'getModel')","method":"GET","path":"/api/portals","service":"bitrix-admin-api","stack":"TypeError: Cannot read properties of undefined (reading 'getModel')\n    at getAll (/var/work/paymentApp/AdminApi/src/controllers/portal.controller.js:9:29)\n    at Layer.handle [as handle_request] (/var/work/paymentApp/AdminApi/node_modules/express/lib/router/layer.js:95:5)\n    at next (/var/work/paymentApp/AdminApi/node_modules/express/lib/router/route.js:137:13)\n    at /var/work/paymentApp/AdminApi/src/middleware/auth.js:52:5\n    at Layer.handle [as handle_request] (/var/work/paymentApp/AdminApi/node_modules/express/lib/router/layer.js:95:5)\n    at next (/var/work/paymentApp/AdminApi/node_modules/express/lib/router/route.js:137:13)\n    at authenticateToken (/var/work/paymentApp/AdminApi/src/middleware/auth.js:27:5)\n    at process.processTicksAndRejections (node:internal/process/task_queues:105:5)","timestamp":"2025-12-23 08:48:05"}
{"level":"info","message":"Database connected successfully","service":"bitrix-admin-api","timestamp":"2025-12-23 08:48:31"}
{"level":"info","message":"Server listening on port 3001","service":"bitrix-admin-api","timestamp":"2025-12-23 08:48:31"}
{"level":"info","message":"Database connected successfully","service":"bitrix-admin-api","timestamp":"2025-12-23 08:49:29"}
{"level":"info","message":"Server listening on port 3001","service":"bitrix-admin-api","timestamp":"2025-12-23 08:49:29"}
{"level":"info","message":"Database connected successfully","service":"bitrix-admin-api","timestamp":"2025-12-23 08:50:01"}
{"level":"info","message":"Server listening on port 3001","service":"bitrix-admin-api","timestamp":"2025-12-23 08:50:01"}
{"level":"info","message":"Database connected successfully","service":"bitrix-admin-api","timestamp":"2025-12-23 08:51:49"}
{"level":"info","message":"Server listening on port 3001","service":"bitrix-admin-api","timestamp":"2025-12-23 08:51:49"}
{"level":"info","message":"Database connected successfully","service":"bitrix-admin-api","timestamp":"2025-12-23 08:54:34"}
{"level":"info","message":"Server listening on port 3001","service":"bitrix-admin-api","timestamp":"2025-12-23 08:54:34"}
{"level":"info","message":"Database connected successfully","service":"bitrix-admin-api","timestamp":"2025-12-23 08:56:18"}
{"level":"info","message":"Server listening on port 3001","service":"bitrix-admin-api","timestamp":"2025-12-23 08:56:18"}
{"level":"info","message":"Database connected successfully","service":"bitrix-admin-api","timestamp":"2025-12-23 08:57:16"}
{"level":"info","message":"Database connected successfully","service":"bitrix-admin-api","timestamp":"2025-12-23 08:58:37"}
{"level":"info","message":"Server listening on port 3001","service":"bitrix-admin-api","timestamp":"2025-12-23 08:58:37"}
{"level":"error","message":"Unknown column 'Portal.last_sync_at' in 'field list'","method":"GET","path":"/api/portals","service":"bitrix-admin-api","stack":"Error\n    at Query.run (/var/work/paymentApp/packages/apiModels/node_modules/sequelize/lib/dialects/mysql/query.js:52:25)\n    at /var/work/paymentApp/packages/apiModels/node_modules/sequelize/lib/sequelize.js:315:28\n    at process.processTicksAndRejections (node:internal/process/task_queues:105:5)\n    at async MySQLQueryInterface.select (/var/work/paymentApp/packages/apiModels/node_modules/sequelize/lib/dialects/abstract/query-interface.js:407:12)\n    at async Portal.findAll (/var/work/paymentApp/packages/apiModels/node_modules/sequelize/lib/model.js:1140:21)\n    at async Promise.all (index 1)\n    at async Portal.findAndCountAll (/var/work/paymentApp/packages/apiModels/node_modules/sequelize/lib/model.js:1322:27)\n    at async getAll (/var/work/paymentApp/AdminApi/src/controllers/portal.controller.js:21:31)","timestamp":"2025-12-23 08:59:34"}
{"level":"error","message":"Unknown column 'Portal.last_sync_at' in 'field list'","method":"GET","path":"/api/portals","service":"bitrix-admin-api","stack":"Error\n    at Query.run (/var/work/paymentApp/packages/apiModels/node_modules/sequelize/lib/dialects/mysql/query.js:52:25)\n    at /var/work/paymentApp/packages/apiModels/node_modules/sequelize/lib/sequelize.js:315:28\n    at process.processTicksAndRejections (node:internal/process/task_queues:105:5)\n    at async MySQLQueryInterface.select (/var/work/paymentApp/packages/apiModels/node_modules/sequelize/lib/dialects/abstract/query-interface.js:407:12)\n    at async Portal.findAll (/var/work/paymentApp/packages/apiModels/node_modules/sequelize/lib/model.js:1140:21)\n    at async Promise.all (index 1)\n    at async Portal.findAndCountAll (/var/work/paymentApp/packages/apiModels/node_modules/sequelize/lib/model.js:1322:27)\n    at async getAll (/var/work/paymentApp/AdminApi/src/controllers/portal.controller.js:21:31)","timestamp":"2025-12-23 09:00:33"}
{"level":"info","message":"Database connected successfully","service":"bitrix-admin-api","timestamp":"2025-12-23 09:06:42"}
{"level":"info","message":"Server listening on port 3001","service":"bitrix-admin-api","timestamp":"2025-12-23 09:06:42"}
{"level":"error","message":"Unknown column 'Portal.last_sync_at' in 'field list'","method":"GET","path":"/api/portals","service":"bitrix-admin-api","stack":"Error\n    at Query.run (/var/work/paymentApp/packages/apiModels/node_modules/sequelize/lib/dialects/mysql/query.js:52:25)\n    at /var/work/paymentApp/packages/apiModels/node_modules/sequelize/lib/sequelize.js:315:28\n    at process.processTicksAndRejections (node:internal/process/task_queues:105:5)\n    at async MySQLQueryInterface.select (/var/work/paymentApp/packages/apiModels/node_modules/sequelize/lib/dialects/abstract/query-interface.js:407:12)\n    at async Portal.findAll (/var/work/paymentApp/packages/apiModels/node_modules/sequelize/lib/model.js:1140:21)\n    at async Promise.all (index 1)\n    at async Portal.findAndCountAll (/var/work/paymentApp/packages/apiModels/node_modules/sequelize/lib/model.js:1322:27)\n    at async getAll (/var/work/paymentApp/AdminApi/src/controllers/portal.controller.js:21:31)","timestamp":"2025-12-23 09:07:15"}
{"level":"info","message":"Database connected successfully","service":"bitrix-admin-api","timestamp":"2025-12-23 09:07:38"}
{"level":"info","message":"Server listening on port 3001","service":"bitrix-admin-api","timestamp":"2025-12-23 09:07:38"}
{"level":"info","message":"Database connected successfully","service":"bitrix-admin-api","timestamp":"2025-12-23 09:28:38"}
{"level":"info","message":"Server listening on port 3001","service":"bitrix-admin-api","timestamp":"2025-12-23 09:28:38"}
{"level":"info","message":"Database connected successfully","service":"bitrix-admin-api","timestamp":"2025-12-23 09:28:54"}
{"level":"info","message":"Server listening on port 3001","service":"bitrix-admin-api","timestamp":"2025-12-23 09:28:54"}
{"level":"info","message":"Database connected successfully","service":"bitrix-admin-api","timestamp":"2025-12-23 09:29:12"}
{"level":"info","message":"Server listening on port 3001","service":"bitrix-admin-api","timestamp":"2025-12-23 09:29:12"}
{"level":"info","message":"Database connected successfully","service":"bitrix-admin-api","timestamp":"2025-12-23 09:29:30"}
{"level":"info","message":"Server listening on port 3001","service":"bitrix-admin-api","timestamp":"2025-12-23 09:29:30"}
{"level":"info","message":"Database connected successfully","service":"bitrix-admin-api","timestamp":"2025-12-23 09:29:49"}
{"level":"info","message":"Server listening on port 3001","service":"bitrix-admin-api","timestamp":"2025-12-23 09:29:49"}
{"level":"info","message":"Database connected successfully","service":"bitrix-admin-api","timestamp":"2025-12-23 09:31:16"}
{"level":"info","message":"Server listening on port 3001","service":"bitrix-admin-api","timestamp":"2025-12-23 09:31:16"}
{"level":"info","message":"Database connected successfully","service":"bitrix-admin-api","timestamp":"2025-12-23 09:40:01"}
{"level":"info","message":"Server listening on port 3001","service":"bitrix-admin-api","timestamp":"2025-12-23 09:40:01"}
{"level":"info","message":"Database connected successfully","service":"bitrix-admin-api","timestamp":"2025-12-23 09:44:01"}
{"level":"info","message":"Server listening on port 3001","service":"bitrix-admin-api","timestamp":"2025-12-23 09:44:01"}
{"level":"info","message":"Database connected successfully","service":"bitrix-admin-api","timestamp":"2025-12-23 09:47:59"}
{"level":"info","message":"Server listening on port 3001","service":"bitrix-admin-api","timestamp":"2025-12-23 09:47:59"}
{"level":"info","message":"Database connected successfully","service":"bitrix-admin-api","timestamp":"2025-12-23 09:48:22"}
{"level":"info","message":"Server listening on port 3001","service":"bitrix-admin-api","timestamp":"2025-12-23 09:48:22"}
{"level":"info","message":"Database connected successfully","service":"bitrix-admin-api","timestamp":"2025-12-23 09:48:29"}
{"level":"info","message":"Server listening on port 3001","service":"bitrix-admin-api","timestamp":"2025-12-23 09:48:29"}
{"level":"info","message":"Database connected successfully","service":"bitrix-admin-api","timestamp":"2025-12-23 09:48:51"}
{"level":"info","message":"Server listening on port 3001","service":"bitrix-admin-api","timestamp":"2025-12-23 09:48:51"}
{"level":"info","message":"Database connected successfully","service":"bitrix-admin-api","timestamp":"2025-12-23 09:49:17"}
{"level":"info","message":"Server listening on port 3001","service":"bitrix-admin-api","timestamp":"2025-12-23 09:49:17"}
{"level":"info","message":"Server listening on port 3001","service":"bitrix-admin-api","timestamp":"2025-12-23 09:52:16"}
{"level":"info","message":"Server listening on port 3001","service":"bitrix-admin-api","timestamp":"2025-12-23 09:56:44"}
{"level":"info","message":"Server listening on port 3001","service":"bitrix-admin-api","timestamp":"2025-12-23 11:04:14"}
{"level":"info","message":"Server listening on port 3001","service":"bitrix-admin-api","timestamp":"2025-12-23 12:37:39"}
{"level":"error","message":"Not allowed by CORS","method":"OPTIONS","path":"/api/auth/login","service":"bitrix-admin-api","stack":"Error: Not allowed by CORS\n    at origin (/var/work/paymentApp/AdminApi/src/app.js:33:18)\n    at /var/work/paymentApp/AdminApi/node_modules/cors/lib/index.js:219:13\n    at optionsCallback (/var/work/paymentApp/AdminApi/node_modules/cors/lib/index.js:199:9)\n    at corsMiddleware (/var/work/paymentApp/AdminApi/node_modules/cors/lib/index.js:204:7)\n    at Layer.handle [as handle_request] (/var/work/paymentApp/AdminApi/node_modules/express/lib/router/layer.js:95:5)\n    at trim_prefix (/var/work/paymentApp/AdminApi/node_modules/express/lib/router/index.js:317:13)\n    at /var/work/paymentApp/AdminApi/node_modules/express/lib/router/index.js:284:7\n    at Function.process_params (/var/work/paymentApp/AdminApi/node_modules/express/lib/router/index.js:335:12)\n    at next (/var/work/paymentApp/AdminApi/node_modules/express/lib/router/index.js:275:10)\n    at expressInit (/var/work/paymentApp/AdminApi/node_modules/express/lib/middleware/init.js:40:5)","timestamp":"2025-12-23 12:37:47"}
{"level":"info","message":"Server listening on port 3001","service":"bitrix-admin-api","timestamp":"2025-12-23 12:39:47"}
{"level":"error","message":"Access denied for user 'root'@'localhost' (using password: NO)","method":"POST","path":"/api/auth/login","service":"bitrix-admin-api","stack":"SequelizeAccessDeniedError: Access denied for user 'root'@'localhost' (using password: NO)\n    at ConnectionManager.connect (/var/work/paymentApp/packages/apiModels/node_modules/sequelize/lib/dialects/mysql/connection-manager.js:94:17)\n    at process.processTicksAndRejections (node:internal/process/task_queues:105:5)\n    at async ConnectionManager._connect (/var/work/paymentApp/packages/apiModels/node_modules/sequelize/lib/dialects/abstract/connection-manager.js:222:24)\n    at async /var/work/paymentApp/packages/apiModels/node_modules/sequelize/lib/dialects/abstract/connection-manager.js:174:32\n    at async ConnectionManager.getConnection (/var/work/paymentApp/packages/apiModels/node_modules/sequelize/lib/dialects/abstract/connection-manager.js:197:7)\n    at async /var/work/paymentApp/packages/apiModels/node_modules/sequelize/lib/sequelize.js:305:26\n    at async MySQLQueryInterface.select (/var/work/paymentApp/packages/apiModels/node_modules/sequelize/lib/dialects/abstract/query-interface.js:407:12)\n    at async AdminUser.findAll (/var/work/paymentApp/packages/apiModels/node_modules/sequelize/lib/model.js:1140:21)\n    at async AdminUser.findOne (/var/work/paymentApp/packages/apiModels/node_modules/sequelize/lib/model.js:1240:12)\n    at async login (/var/work/paymentApp/AdminApi/src/controllers/auth.controller.js:17:20)","timestamp":"2025-12-23 12:40:55"}
{"level":"error","message":"Access denied for user 'root'@'localhost' (using password: NO)","method":"POST","path":"/api/auth/login","service":"bitrix-admin-api","stack":"SequelizeAccessDeniedError: Access denied for user 'root'@'localhost' (using password: NO)\n    at ConnectionManager.connect (/var/work/paymentApp/packages/apiModels/node_modules/sequelize/lib/dialects/mysql/connection-manager.js:94:17)\n    at process.processTicksAndRejections (node:internal/process/task_queues:105:5)\n    at async ConnectionManager._connect (/var/work/paymentApp/packages/apiModels/node_modules/sequelize/lib/dialects/abstract/connection-manager.js:222:24)\n    at async /var/work/paymentApp/packages/apiModels/node_modules/sequelize/lib/dialects/abstract/connection-manager.js:174:32\n    at async ConnectionManager.getConnection (/var/work/paymentApp/packages/apiModels/node_modules/sequelize/lib/dialects/abstract/connection-manager.js:197:7)\n    at async /var/work/paymentApp/packages/apiModels/node_modules/sequelize/lib/sequelize.js:305:26\n    at async MySQLQueryInterface.select (/var/work/paymentApp/packages/apiModels/node_modules/sequelize/lib/dialects/abstract/query-interface.js:407:12)\n    at async AdminUser.findAll (/var/work/paymentApp/packages/apiModels/node_modules/sequelize/lib/model.js:1140:21)\n    at async AdminUser.findOne (/var/work/paymentApp/packages/apiModels/node_modules/sequelize/lib/model.js:1240:12)\n    at async login (/var/work/paymentApp/AdminApi/src/controllers/auth.controller.js:17:20)","timestamp":"2025-12-23 12:42:03"}
{"level":"error","message":"Access denied for user 'root'@'localhost' (using password: NO)","method":"POST","path":"/api/auth/login","service":"bitrix-admin-api","stack":"SequelizeAccessDeniedError: Access denied for user 'root'@'localhost' (using password: NO)\n    at ConnectionManager.connect (/var/work/paymentApp/packages/apiModels/node_modules/sequelize/lib/dialects/mysql/connection-manager.js:94:17)\n    at process.processTicksAndRejections (node:internal/process/task_queues:105:5)\n    at async ConnectionManager._connect (/var/work/paymentApp/packages/apiModels/node_modules/sequelize/lib/dialects/abstract/connection-manager.js:222:24)\n    at async /var/work/paymentApp/packages/apiModels/node_modules/sequelize/lib/dialects/abstract/connection-manager.js:174:32\n    at async ConnectionManager.getConnection (/var/work/paymentApp/packages/apiModels/node_modules/sequelize/lib/dialects/abstract/connection-manager.js:197:7)\n    at async /var/work/paymentApp/packages/apiModels/node_modules/sequelize/lib/sequelize.js:305:26\n    at async MySQLQueryInterface.select (/var/work/paymentApp/packages/apiModels/node_modules/sequelize/lib/dialects/abstract/query-interface.js:407:12)\n    at async AdminUser.findAll (/var/work/paymentApp/packages/apiModels/node_modules/sequelize/lib/model.js:1140:21)\n    at async AdminUser.findOne (/var/work/paymentApp/packages/apiModels/node_modules/sequelize/lib/model.js:1240:12)\n    at async login (/var/work/paymentApp/AdminApi/src/controllers/auth.controller.js:17:20)","timestamp":"2025-12-23 12:42:27"}
{"level":"info","message":"Server listening on port 3001","service":"bitrix-admin-api","timestamp":"2025-12-23 12:42:52"}
{"level":"info","message":"Server listening on port 3001","service":"bitrix-admin-api","timestamp":"2025-12-24 09:09:17"}
{"level":"info","message":"Server listening on port 3001","service":"bitrix-admin-api","timestamp":"2025-12-24 09:09:46"}
{"level":"info","message":"Server listening on port 3001","service":"bitrix-admin-api","timestamp":"2025-12-24 13:09:23"}
{"level":"info","message":"Server listening on port 3001","service":"bitrix-admin-api","timestamp":"2025-12-24 13:11:14"}
{"level":"info","message":"Server listening on port 3001","service":"bitrix-admin-api","timestamp":"2025-12-24 13:11:22"}
{"level":"info","message":"Server listening on port 3001","service":"bitrix-admin-api","timestamp":"2025-12-24 13:11:38"}
{"level":"info","message":"Server listening on port 3001","service":"bitrix-admin-api","timestamp":"2025-12-24 13:11:49"}
{"level":"info","message":"Server listening on port 3001","service":"bitrix-admin-api","timestamp":"2025-12-24 13:12:00"}
{"level":"info","message":"Server listening on port 3001","service":"bitrix-admin-api","timestamp":"2025-12-24 13:12:10"}
{"level":"info","message":"Server listening on port 3001","service":"bitrix-admin-api","timestamp":"2025-12-24 13:12:28"}
{"level":"info","message":"Server listening on port 3001","service":"bitrix-admin-api","timestamp":"2025-12-24 15:07:07"}
{"level":"info","message":"Server listening on port 3001","service":"bitrix-admin-api","timestamp":"2025-12-24 16:28:40"}
{"level":"info","message":"Server listening on port 3001","service":"bitrix-admin-api","timestamp":"2025-12-24 16:29:26"}
{"level":"info","message":"Server listening on port 3001","service":"bitrix-admin-api","timestamp":"2025-12-24 16:29:39"}
{"level":"info","message":"Server listening on port 3001","service":"bitrix-admin-api","timestamp":"2025-12-24 16:30:09"}
{"level":"info","message":"Server listening on port 3001","service":"bitrix-admin-api","timestamp":"2025-12-24 16:30:20"}
{"level":"info","message":"Server listening on port 3001","service":"bitrix-admin-api","timestamp":"2025-12-24 16:30:35"}
{"level":"info","message":"Server listening on port 3001","service":"bitrix-admin-api","timestamp":"2025-12-24 16:30:45"}
{"level":"info","message":"Server listening on port 3001","service":"bitrix-admin-api","timestamp":"2025-12-24 16:30:55"}
{"level":"info","message":"Server listening on port 3001","service":"bitrix-admin-api","timestamp":"2025-12-24 16:31:05"}
{"level":"info","message":"Server listening on port 3001","service":"bitrix-admin-api","timestamp":"2025-12-24 16:31:14"}
{"level":"info","message":"Server listening on port 3001","service":"bitrix-admin-api","timestamp":"2025-12-24 16:31:32"}
{"level":"info","message":"Server listening on port 3001","service":"bitrix-admin-api","timestamp":"2025-12-24 16:31:41"}
{"level":"info","message":"Server listening on port 3001","service":"bitrix-admin-api","timestamp":"2025-12-24 16:31:53"}
{"level":"info","message":"Server listening on port 3001","service":"bitrix-admin-api","timestamp":"2025-12-24 16:32:57"}
{"level":"info","message":"Server listening on port 3001","service":"bitrix-admin-api","timestamp":"2025-12-24 16:33:07"}
{"level":"info","message":"Server listening on port 3001","service":"bitrix-admin-api","timestamp":"2025-12-24 16:33:16"}
{"level":"info","message":"Server listening on port 3001","service":"bitrix-admin-api","timestamp":"2025-12-24 16:33:20"}
{"level":"info","message":"Server listening on port 3001","service":"bitrix-admin-api","timestamp":"2025-12-24 16:33:28"}
{"level":"info","message":"Server listening on port 3001","service":"bitrix-admin-api","timestamp":"2025-12-24 16:35:42"}
{"level":"info","message":"Server listening on port 3001","service":"bitrix-admin-api","timestamp":"2025-12-24 16:36:07"}
{"level":"info","message":"Server listening on port 3001","service":"bitrix-admin-api","timestamp":"2025-12-24 16:36:36"}
{"level":"info","message":"Server listening on port 3001","service":"bitrix-admin-api","timestamp":"2025-12-24 16:37:24"}
{"level":"info","message":"Server listening on port 3001","service":"bitrix-admin-api","timestamp":"2025-12-24 16:37:57"}
{"level":"info","message":"Server listening on port 3001","service":"bitrix-admin-api","timestamp":"2025-12-24 16:38:15"}
{"level":"info","message":"Server listening on port 3001","service":"bitrix-admin-api","timestamp":"2025-12-24 16:38:36"}
{"level":"info","message":"Server listening on port 3001","service":"bitrix-admin-api","timestamp":"2025-12-24 16:38:54"}
{"level":"info","message":"Server listening on port 3001","service":"bitrix-admin-api","timestamp":"2025-12-24 16:39:19"}
{"level":"info","message":"Server listening on port 3001","service":"bitrix-admin-api","timestamp":"2025-12-24 16:39:27"}
{"level":"info","message":"Server listening on port 3001","service":"bitrix-admin-api","timestamp":"2025-12-24 16:39:38"}
{"level":"info","message":"Server listening on port 3001","service":"bitrix-admin-api","timestamp":"2025-12-24 16:39:56"}
{"level":"info","message":"Server listening on port 3001","service":"bitrix-admin-api","timestamp":"2025-12-24 16:42:00"}
{"level":"info","message":"Server listening on port 3001","service":"bitrix-admin-api","timestamp":"2025-12-24 16:42:41"}
{"level":"info","message":"Server listening on port 3001","service":"bitrix-admin-api","timestamp":"2025-12-24 16:43:03"}
{"level":"info","message":"Server listening on port 3001","service":"bitrix-admin-api","timestamp":"2025-12-24 16:43:16"}
{"level":"info","message":"Server listening on port 3001","service":"bitrix-admin-api","timestamp":"2025-12-24 16:43:23"}
{"level":"info","message":"Server listening on port 3001","service":"bitrix-admin-api","timestamp":"2025-12-24 16:43:34"}
{"level":"info","message":"Server listening on port 3001","service":"bitrix-admin-api","timestamp":"2025-12-24 16:43:48"}
{"level":"info","message":"Server listening on port 3001","service":"bitrix-admin-api","timestamp":"2025-12-24 16:43:52"}
{"level":"info","message":"Server listening on port 3001","service":"bitrix-admin-api","timestamp":"2025-12-24 16:44:28"}
{"level":"info","message":"Server listening on port 3001","service":"bitrix-admin-api","timestamp":"2025-12-24 16:44:51"}
{"level":"info","message":"Server listening on port 3001","service":"bitrix-admin-api","timestamp":"2025-12-24 16:44:58"}
{"level":"info","message":"Server listening on port 3001","service":"bitrix-admin-api","timestamp":"2025-12-24 16:45:04"}
{"level":"info","message":"Server listening on port 3001","service":"bitrix-admin-api","timestamp":"2025-12-24 16:45:18"}
{"level":"info","message":"Server listening on port 3001","service":"bitrix-admin-api","timestamp":"2025-12-24 16:45:24"}
{"level":"info","message":"Server listening on port 3001","service":"bitrix-admin-api","timestamp":"2025-12-24 16:45:38"}
{"level":"info","message":"Server listening on port 3001","service":"bitrix-admin-api","timestamp":"2025-12-24 16:45:43"}
{"level":"info","message":"Server listening on port 3001","service":"bitrix-admin-api","timestamp":"2025-12-24 16:45:49"}
{"level":"info","message":"Server listening on port 3001","service":"bitrix-admin-api","timestamp":"2025-12-24 16:45:56"}
{"level":"info","message":"Server listening on port 3001","service":"bitrix-admin-api","timestamp":"2025-12-24 16:46:01"}
{"level":"info","message":"Server listening on port 3001","service":"bitrix-admin-api","timestamp":"2025-12-24 16:46:11"}
{"level":"info","message":"Server listening on port 3001","service":"bitrix-admin-api","timestamp":"2025-12-24 16:46:16"}
{"level":"info","message":"Server listening on port 3001","service":"bitrix-admin-api","timestamp":"2025-12-24 16:46:36"}
{"level":"info","message":"Server listening on port 3001","service":"bitrix-admin-api","timestamp":"2025-12-24 16:46:43"}
{"level":"info","message":"Server listening on port 3001","service":"bitrix-admin-api","timestamp":"2025-12-24 16:46:47"}
{"level":"info","message":"Server listening on port 3001","service":"bitrix-admin-api","timestamp":"2025-12-24 16:47:03"}
{"level":"info","message":"Server listening on port 3001","service":"bitrix-admin-api","timestamp":"2025-12-24 16:47:10"}
{"level":"info","message":"Server listening on port 3001","service":"bitrix-admin-api","timestamp":"2025-12-24 16:47:40"}
{"level":"info","message":"Server listening on port 3001","service":"bitrix-admin-api","timestamp":"2025-12-24 16:47:51"}
{"level":"info","message":"Server listening on port 3001","service":"bitrix-admin-api","timestamp":"2025-12-24 16:48:10"}
{"level":"info","message":"Server listening on port 3001","service":"bitrix-admin-api","timestamp":"2025-12-24 16:48:23"}
{"level":"info","message":"Server listening on port 3001","service":"bitrix-admin-api","timestamp":"2025-12-24 16:48:35"}
{"level":"info","message":"Server listening on port 3001","service":"bitrix-admin-api","timestamp":"2025-12-24 16:48:53"}
{"level":"info","message":"Server listening on port 3001","service":"bitrix-admin-api","timestamp":"2025-12-24 16:52:48"}
{"level":"info","message":"Server listening on port 3001","service":"bitrix-admin-api","timestamp":"2025-12-24 16:52:52"}
{"level":"info","message":"Server listening on port 3001","service":"bitrix-admin-api","timestamp":"2025-12-24 16:53:10"}
{"level":"info","message":"Server listening on port 3001","service":"bitrix-admin-api","timestamp":"2025-12-24 16:53:14"}
{"level":"info","message":"Server listening on port 3001","service":"bitrix-admin-api","timestamp":"2025-12-24 16:53:27"}
{"level":"info","message":"Server listening on port 3001","service":"bitrix-admin-api","timestamp":"2025-12-24 16:53:38"}
{"level":"info","message":"Server listening on port 3001","service":"bitrix-admin-api","timestamp":"2025-12-24 16:53:43"}
{"level":"info","message":"Server listening on port 3001","service":"bitrix-admin-api","timestamp":"2025-12-24 16:54:00"}
{"level":"info","message":"Server listening on port 3001","service":"bitrix-admin-api","timestamp":"2025-12-24 16:54:45"}
{"level":"info","message":"Server listening on port 3001","service":"bitrix-admin-api","timestamp":"2025-12-24 16:55:01"}
{"level":"info","message":"Server listening on port 3001","service":"bitrix-admin-api","timestamp":"2025-12-24 16:55:19"}
{"level":"info","message":"Server listening on port 3001","service":"bitrix-admin-api","timestamp":"2025-12-24 16:55:26"}
{"level":"info","message":"Server listening on port 3001","service":"bitrix-admin-api","timestamp":"2025-12-24 16:56:15"}
{"level":"info","message":"Server listening on port 3001","service":"bitrix-admin-api","timestamp":"2025-12-24 16:56:34"}
{"level":"info","message":"Server listening on port 3001","service":"bitrix-admin-api","timestamp":"2025-12-24 16:58:20"}
{"level":"info","message":"Server listening on port 3001","service":"bitrix-admin-api","timestamp":"2025-12-24 16:58:25"}
{"level":"info","message":"Server listening on port 3001","service":"bitrix-admin-api","timestamp":"2025-12-24 16:58:35"}
{"level":"info","message":"Server listening on port 3001","service":"bitrix-admin-api","timestamp":"2025-12-24 16:58:42"}
{"level":"info","message":"Server listening on port 3001","service":"bitrix-admin-api","timestamp":"2025-12-24 16:58:50"}
{"level":"info","message":"Server listening on port 3001","service":"bitrix-admin-api","timestamp":"2025-12-24 17:06:20"}
{"level":"info","message":"Server listening on port 3001","service":"bitrix-admin-api","timestamp":"2025-12-24 17:06:39"}
{"level":"info","message":"Server listening on port 3001","service":"bitrix-admin-api","timestamp":"2025-12-24 17:07:01"}
{"level":"info","message":"Server listening on port 3001","service":"bitrix-admin-api","timestamp":"2025-12-24 17:07:20"}
{"level":"info","message":"Server listening on port 3001","service":"bitrix-admin-api","timestamp":"2025-12-24 17:07:49"}
{"level":"info","message":"Server listening on port 3001","service":"bitrix-admin-api","timestamp":"2025-12-24 17:07:55"}
{"level":"info","message":"Server listening on port 3001","service":"bitrix-admin-api","timestamp":"2025-12-24 17:08:00"}
{"level":"info","message":"Server listening on port 3001","service":"bitrix-admin-api","timestamp":"2025-12-24 17:10:11"}
{"level":"info","message":"Server listening on port 3001","service":"bitrix-admin-api","timestamp":"2025-12-24 17:10:16"}
{"level":"info","message":"Server listening on port 3001","service":"bitrix-admin-api","timestamp":"2025-12-24 17:16:52"}
{"level":"info","message":"Server listening on port 3001","service":"bitrix-admin-api","timestamp":"2025-12-24 17:30:15"}
{"level":"info","message":"Server listening on port 3001","service":"bitrix-admin-api","timestamp":"2025-12-24 17:30:58"}
{"level":"info","message":"Server listening on port 3001","service":"bitrix-admin-api","timestamp":"2025-12-24 17:31:37"}
{"level":"info","message":"Server listening on port 3001","service":"bitrix-admin-api","timestamp":"2025-12-24 17:32:01"}
{"level":"info","message":"Server listening on port 3001","service":"bitrix-admin-api","timestamp":"2025-12-24 17:32:35"}
{"level":"info","message":"Server listening on port 3001","service":"bitrix-admin-api","timestamp":"2025-12-24 17:32:43"}
{"level":"info","message":"Server listening on port 3001","service":"bitrix-admin-api","timestamp":"2025-12-24 17:33:05"}
{"level":"info","message":"Server listening on port 3001","service":"bitrix-admin-api","timestamp":"2025-12-24 17:33:19"}
{"level":"info","message":"Server listening on port 3001","service":"bitrix-admin-api","timestamp":"2025-12-24 18:01:01"}
{"level":"info","message":"Server listening on port 3001","service":"bitrix-admin-api","timestamp":"2025-12-24 18:01:57"}
{"level":"info","message":"Server listening on port 3001","service":"bitrix-admin-api","timestamp":"2025-12-24 18:02:27"}
{"level":"info","message":"Server listening on port 3001","service":"bitrix-admin-api","timestamp":"2025-12-24 18:02:44"}
{"level":"info","message":"Server listening on port 3001","service":"bitrix-admin-api","timestamp":"2025-12-24 18:02:51"}
{"level":"info","message":"Server listening on port 3001","service":"bitrix-admin-api","timestamp":"2025-12-24 18:02:55"}
{"level":"info","message":"Server listening on port 3001","service":"bitrix-admin-api","timestamp":"2025-12-24 18:03:25"}
{"level":"info","message":"Server listening on port 3001","service":"bitrix-admin-api","timestamp":"2025-12-24 18:03:35"}
{"level":"info","message":"Server listening on port 3001","service":"bitrix-admin-api","timestamp":"2025-12-24 18:03:40"}
{"level":"info","message":"Server listening on port 3001","service":"bitrix-admin-api","timestamp":"2025-12-24 18:05:03"}
{"level":"info","message":"Server listening on port 3001","service":"bitrix-admin-api","timestamp":"2025-12-24 18:06:38"}
{"level":"info","message":"Server listening on port 3001","service":"bitrix-admin-api","timestamp":"2025-12-24 18:06:57"}
{"level":"info","message":"Server listening on port 3001","service":"bitrix-admin-api","timestamp":"2025-12-24 18:07:09"}
{"level":"info","message":"Server listening on port 3001","service":"bitrix-admin-api","timestamp":"2025-12-24 18:07:27"}
{"level":"info","message":"Server listening on port 3001","service":"bitrix-admin-api","timestamp":"2025-12-24 18:07:31"}
{"level":"info","message":"Server listening on port 3001","service":"bitrix-admin-api","timestamp":"2025-12-24 18:07:44"}
{"level":"info","message":"Server listening on port 3001","service":"bitrix-admin-api","timestamp":"2025-12-24 18:08:19"}
{"level":"info","message":"Server listening on port 3001","service":"bitrix-admin-api","timestamp":"2025-12-24 18:08:32"}
{"level":"info","message":"Server listening on port 3001","service":"bitrix-admin-api","timestamp":"2025-12-24 18:08:46"}
{"level":"info","message":"Server listening on port 3001","service":"bitrix-admin-api","timestamp":"2025-12-24 18:09:38"}
{"level":"info","message":"Server listening on port 3001","service":"bitrix-admin-api","timestamp":"2025-12-24 18:09:47"}
{"level":"info","message":"Server listening on port 3001","service":"bitrix-admin-api","timestamp":"2025-12-24 18:09:54"}
{"level":"info","message":"Server listening on port 3001","service":"bitrix-admin-api","timestamp":"2025-12-24 18:10:00"}
{"level":"info","message":"Server listening on port 3001","service":"bitrix-admin-api","timestamp":"2025-12-24 18:10:23"}
{"level":"info","message":"Server listening on port 3001","service":"bitrix-admin-api","timestamp":"2025-12-24 18:11:34"}
{"level":"info","message":"Server listening on port 3001","service":"bitrix-admin-api","timestamp":"2025-12-24 18:11:42"}
{"level":"info","message":"Server listening on port 3001","service":"bitrix-admin-api","timestamp":"2025-12-24 18:11:59"}
{"level":"info","message":"Server listening on port 3001","service":"bitrix-admin-api","timestamp":"2025-12-24 18:12:18"}
{"level":"info","message":"Server listening on port 3001","service":"bitrix-admin-api","timestamp":"2025-12-24 18:12:51"}
{"level":"info","message":"Server listening on port 3001","service":"bitrix-admin-api","timestamp":"2025-12-24 18:13:03"}
{"level":"info","message":"Server listening on port 3001","service":"bitrix-admin-api","timestamp":"2025-12-24 18:13:10"}
{"level":"info","message":"Server listening on port 3001","service":"bitrix-admin-api","timestamp":"2025-12-24 18:13:26"}
{"level":"info","message":"Server listening on port 3001","service":"bitrix-admin-api","timestamp":"2025-12-24 18:13:30"}
{"level":"info","message":"Server listening on port 3001","service":"bitrix-admin-api","timestamp":"2025-12-24 18:13:51"}
{"level":"info","message":"Server listening on port 3001","service":"bitrix-admin-api","timestamp":"2025-12-24 18:13:59"}
{"level":"info","message":"Server listening on port 3001","service":"bitrix-admin-api","timestamp":"2025-12-24 18:14:11"}
{"level":"info","message":"Server listening on port 3001","service":"bitrix-admin-api","timestamp":"2025-12-24 18:14:34"}
{"level":"info","message":"Server listening on port 3001","service":"bitrix-admin-api","timestamp":"2025-12-24 18:17:06"}
{"level":"info","message":"Server listening on port 3001","service":"bitrix-admin-api","timestamp":"2025-12-24 18:17:15"}
{"level":"info","message":"Server listening on port 3001","service":"bitrix-admin-api","timestamp":"2025-12-24 18:17:22"}
{"level":"info","message":"Server listening on port 3001","service":"bitrix-admin-api","timestamp":"2025-12-24 18:18:01"}
{"level":"info","message":"Server listening on port 3001","service":"bitrix-admin-api","timestamp":"2025-12-24 18:18:17"}
{"level":"info","message":"Server listening on port 3001","service":"bitrix-admin-api","timestamp":"2025-12-24 18:22:16"}
{"level":"info","message":"Server listening on port 3001","service":"bitrix-admin-api","timestamp":"2025-12-24 18:22:46"}
{"level":"info","message":"Server listening on port 3001","service":"bitrix-admin-api","timestamp":"2025-12-25 17:16:40"}
{"level":"info","message":"Server listening on port 3001","service":"bitrix-admin-api","timestamp":"2025-12-25 17:19:58"}
{"level":"info","message":"Server listening on port 3001","service":"bitrix-admin-api","timestamp":"2025-12-25 17:20:09"}
{"level":"info","message":"Server listening on port 3001","service":"bitrix-admin-api","timestamp":"2025-12-25 17:21:14"}
{"level":"info","message":"Server listening on port 3001","service":"bitrix-admin-api","timestamp":"2025-12-25 17:24:53"}
{"level":"info","message":"Server listening on port 3001","service":"bitrix-admin-api","timestamp":"2025-12-25 17:25:00"}
{"level":"info","message":"Server listening on port 3001","service":"bitrix-admin-api","timestamp":"2025-12-25 17:31:04"}
{"level":"info","message":"Server listening on port 3001","service":"bitrix-admin-api","timestamp":"2025-12-25 17:31:21"}
{"level":"info","message":"Server listening on port 3001","service":"bitrix-admin-api","timestamp":"2025-12-25 17:31:27"}
{"level":"info","message":"Server listening on port 3001","service":"bitrix-admin-api","timestamp":"2025-12-25 17:31:37"}
{"level":"info","message":"Server listening on port 3001","service":"bitrix-admin-api","timestamp":"2025-12-25 17:31:51"}
{"level":"error","message":"Model \"AppliPortalcation\" not found","method":"GET","path":"/api/portals/count","service":"bitrix-admin-api","stack":"Error: Model \"AppliPortalcation\" not found\n    at Database.getModel (/var/work/paymentApp/packages/apiModels/src/database.js:112:13)\n    at getActiveCount (/var/work/paymentApp/AdminApi/src/controllers/portal.controller.js:292:29)\n    at Layer.handle [as handle_request] (/var/work/paymentApp/AdminApi/node_modules/express/lib/router/layer.js:95:5)\n    at next (/var/work/paymentApp/AdminApi/node_modules/express/lib/router/route.js:137:13)\n    at authenticateToken (/var/work/paymentApp/AdminApi/src/middleware/auth.js:27:5)\n    at process.processTicksAndRejections (node:internal/process/task_queues:105:5)","timestamp":"2025-12-25 17:32:03"}
{"level":"error","message":"Unknown column 'Subscription.is_active' in 'where clause'","method":"GET","path":"/api/subscriptions/count","service":"bitrix-admin-api","stack":"Error\n    at Query.run (/var/work/paymentApp/packages/apiModels/node_modules/sequelize/lib/dialects/mysql/query.js:52:25)\n    at /var/work/paymentApp/packages/apiModels/node_modules/sequelize/lib/sequelize.js:315:28\n    at process.processTicksAndRejections (node:internal/process/task_queues:105:5)\n    at async MySQLQueryInterface.rawSelect (/var/work/paymentApp/packages/apiModels/node_modules/sequelize/lib/dialects/abstract/query-interface.js:434:18)\n    at async Subscription.aggregate (/var/work/paymentApp/packages/apiModels/node_modules/sequelize/lib/model.js:1277:19)\n    at async Subscription.count (/var/work/paymentApp/packages/apiModels/node_modules/sequelize/lib/model.js:1306:20)\n    at async getActiveCount (/var/work/paymentApp/AdminApi/src/controllers/subscription.controller.js:362:21)","timestamp":"2025-12-25 17:32:03"}
{"level":"error","message":"Unknown column 'Payment.is_active' in 'where clause'","method":"GET","path":"/api/payments/count","service":"bitrix-admin-api","stack":"Error\n    at Query.run (/var/work/paymentApp/packages/apiModels/node_modules/sequelize/lib/dialects/mysql/query.js:52:25)\n    at /var/work/paymentApp/packages/apiModels/node_modules/sequelize/lib/sequelize.js:315:28\n    at process.processTicksAndRejections (node:internal/process/task_queues:105:5)\n    at async MySQLQueryInterface.rawSelect (/var/work/paymentApp/packages/apiModels/node_modules/sequelize/lib/dialects/abstract/query-interface.js:434:18)\n    at async Payment.aggregate (/var/work/paymentApp/packages/apiModels/node_modules/sequelize/lib/model.js:1277:19)\n    at async Payment.count (/var/work/paymentApp/packages/apiModels/node_modules/sequelize/lib/model.js:1306:20)\n    at async getActiveCount (/var/work/paymentApp/AdminApi/src/controllers/payment.controller.js:236:21)","timestamp":"2025-12-25 17:32:03"}
{"level":"error","message":"Model \"AppliPortalcation\" not found","method":"GET","path":"/api/portals/count","service":"bitrix-admin-api","stack":"Error: Model \"AppliPortalcation\" not found\n    at Database.getModel (/var/work/paymentApp/packages/apiModels/src/database.js:112:13)\n    at getActiveCount (/var/work/paymentApp/AdminApi/src/controllers/portal.controller.js:292:29)\n    at Layer.handle [as handle_request] (/var/work/paymentApp/AdminApi/node_modules/express/lib/router/layer.js:95:5)\n    at next (/var/work/paymentApp/AdminApi/node_modules/express/lib/router/route.js:137:13)\n    at authenticateToken (/var/work/paymentApp/AdminApi/src/middleware/auth.js:27:5)\n    at process.processTicksAndRejections (node:internal/process/task_queues:105:5)","timestamp":"2025-12-25 17:33:16"}
{"level":"error","message":"Unknown column 'Payment.is_active' in 'where clause'","method":"GET","path":"/api/payments/count","service":"bitrix-admin-api","stack":"Error\n    at Query.run (/var/work/paymentApp/packages/apiModels/node_modules/sequelize/lib/dialects/mysql/query.js:52:25)\n    at /var/work/paymentApp/packages/apiModels/node_modules/sequelize/lib/sequelize.js:315:28\n    at process.processTicksAndRejections (node:internal/process/task_queues:105:5)\n    at async MySQLQueryInterface.rawSelect (/var/work/paymentApp/packages/apiModels/node_modules/sequelize/lib/dialects/abstract/query-interface.js:434:18)\n    at async Payment.aggregate (/var/work/paymentApp/packages/apiModels/node_modules/sequelize/lib/model.js:1277:19)\n    at async Payment.count (/var/work/paymentApp/packages/apiModels/node_modules/sequelize/lib/model.js:1306:20)\n    at async getActiveCount (/var/work/paymentApp/AdminApi/src/controllers/payment.controller.js:236:21)","timestamp":"2025-12-25 17:33:27"}
{"level":"error","message":"Unknown column 'Subscription.is_active' in 'where clause'","method":"GET","path":"/api/subscriptions/count","service":"bitrix-admin-api","stack":"Error\n    at Query.run (/var/work/paymentApp/packages/apiModels/node_modules/sequelize/lib/dialects/mysql/query.js:52:25)\n    at /var/work/paymentApp/packages/apiModels/node_modules/sequelize/lib/sequelize.js:315:28\n    at process.processTicksAndRejections (node:internal/process/task_queues:105:5)\n    at async MySQLQueryInterface.rawSelect (/var/work/paymentApp/packages/apiModels/node_modules/sequelize/lib/dialects/abstract/query-interface.js:434:18)\n    at async Subscription.aggregate (/var/work/paymentApp/packages/apiModels/node_modules/sequelize/lib/model.js:1277:19)\n    at async Subscription.count (/var/work/paymentApp/packages/apiModels/node_modules/sequelize/lib/model.js:1306:20)\n    at async getActiveCount (/var/work/paymentApp/AdminApi/src/controllers/subscription.controller.js:362:21)","timestamp":"2025-12-25 17:33:27"}
{"level":"info","message":"Server listening on port 3001","service":"bitrix-admin-api","timestamp":"2025-12-25 17:34:33"}
{"level":"error","message":"Model \"AppliPortalcation\" not found","method":"GET","path":"/api/portals/count","service":"bitrix-admin-api","stack":"Error: Model \"AppliPortalcation\" not found\n    at Database.getModel (/var/work/paymentApp/packages/apiModels/src/database.js:112:13)\n    at getActiveCount (/var/work/paymentApp/AdminApi/src/controllers/portal.controller.js:292:29)\n    at Layer.handle [as handle_request] (/var/work/paymentApp/AdminApi/node_modules/express/lib/router/layer.js:95:5)\n    at next (/var/work/paymentApp/AdminApi/node_modules/express/lib/router/route.js:137:13)\n    at authenticateToken (/var/work/paymentApp/AdminApi/src/middleware/auth.js:27:5)\n    at process.processTicksAndRejections (node:internal/process/task_queues:105:5)","timestamp":"2025-12-25 17:34:35"}
{"level":"error","message":"Unknown column 'Payment.is_active' in 'where clause'","method":"GET","path":"/api/payments/count","service":"bitrix-admin-api","stack":"Error\n    at Query.run (/var/work/paymentApp/packages/apiModels/node_modules/sequelize/lib/dialects/mysql/query.js:52:25)\n    at /var/work/paymentApp/packages/apiModels/node_modules/sequelize/lib/sequelize.js:315:28\n    at process.processTicksAndRejections (node:internal/process/task_queues:105:5)\n    at async MySQLQueryInterface.rawSelect (/var/work/paymentApp/packages/apiModels/node_modules/sequelize/lib/dialects/abstract/query-interface.js:434:18)\n    at async Payment.aggregate (/var/work/paymentApp/packages/apiModels/node_modules/sequelize/lib/model.js:1277:19)\n    at async Payment.count (/var/work/paymentApp/packages/apiModels/node_modules/sequelize/lib/model.js:1306:20)\n    at async getActiveCount (/var/work/paymentApp/AdminApi/src/controllers/payment.controller.js:236:21)","timestamp":"2025-12-25 17:34:35"}
{"level":"error","message":"Unknown column 'Subscription.is_active' in 'where clause'","method":"GET","path":"/api/subscriptions/count","service":"bitrix-admin-api","stack":"Error\n    at Query.run (/var/work/paymentApp/packages/apiModels/node_modules/sequelize/lib/dialects/mysql/query.js:52:25)\n    at /var/work/paymentApp/packages/apiModels/node_modules/sequelize/lib/sequelize.js:315:28\n    at process.processTicksAndRejections (node:internal/process/task_queues:105:5)\n    at async MySQLQueryInterface.rawSelect (/var/work/paymentApp/packages/apiModels/node_modules/sequelize/lib/dialects/abstract/query-interface.js:434:18)\n    at async Subscription.aggregate (/var/work/paymentApp/packages/apiModels/node_modules/sequelize/lib/model.js:1277:19)\n    at async Subscription.count (/var/work/paymentApp/packages/apiModels/node_modules/sequelize/lib/model.js:1306:20)\n    at async getActiveCount (/var/work/paymentApp/AdminApi/src/controllers/subscription.controller.js:362:21)","timestamp":"2025-12-25 17:34:35"}
{"level":"error","message":"Model \"AppliPortalcation\" not found","method":"GET","path":"/api/portals/count","service":"bitrix-admin-api","stack":"Error: Model \"AppliPortalcation\" not found\n    at Database.getModel (/var/work/paymentApp/packages/apiModels/src/database.js:112:13)\n    at getActiveCount (/var/work/paymentApp/AdminApi/src/controllers/portal.controller.js:292:29)\n    at Layer.handle [as handle_request] (/var/work/paymentApp/AdminApi/node_modules/express/lib/router/layer.js:95:5)\n    at next (/var/work/paymentApp/AdminApi/node_modules/express/lib/router/route.js:137:13)\n    at authenticateToken (/var/work/paymentApp/AdminApi/src/middleware/auth.js:27:5)\n    at process.processTicksAndRejections (node:internal/process/task_queues:105:5)","timestamp":"2025-12-25 17:34:39"}
{"level":"error","message":"Unknown column 'Payment.is_active' in 'where clause'","method":"GET","path":"/api/payments/count","service":"bitrix-admin-api","stack":"Error\n    at Query.run (/var/work/paymentApp/packages/apiModels/node_modules/sequelize/lib/dialects/mysql/query.js:52:25)\n    at /var/work/paymentApp/packages/apiModels/node_modules/sequelize/lib/sequelize.js:315:28\n    at process.processTicksAndRejections (node:internal/process/task_queues:105:5)\n    at async MySQLQueryInterface.rawSelect (/var/work/paymentApp/packages/apiModels/node_modules/sequelize/lib/dialects/abstract/query-interface.js:434:18)\n    at async Payment.aggregate (/var/work/paymentApp/packages/apiModels/node_modules/sequelize/lib/model.js:1277:19)\n    at async Payment.count (/var/work/paymentApp/packages/apiModels/node_modules/sequelize/lib/model.js:1306:20)\n    at async getActiveCount (/var/work/paymentApp/AdminApi/src/controllers/payment.controller.js:236:21)","timestamp":"2025-12-25 17:34:39"}
{"level":"error","message":"Unknown column 'Subscription.is_active' in 'where clause'","method":"GET","path":"/api/subscriptions/count","service":"bitrix-admin-api","stack":"Error\n    at Query.run (/var/work/paymentApp/packages/apiModels/node_modules/sequelize/lib/dialects/mysql/query.js:52:25)\n    at /var/work/paymentApp/packages/apiModels/node_modules/sequelize/lib/sequelize.js:315:28\n    at process.processTicksAndRejections (node:internal/process/task_queues:105:5)\n    at async MySQLQueryInterface.rawSelect (/var/work/paymentApp/packages/apiModels/node_modules/sequelize/lib/dialects/abstract/query-interface.js:434:18)\n    at async Subscription.aggregate (/var/work/paymentApp/packages/apiModels/node_modules/sequelize/lib/model.js:1277:19)\n    at async Subscription.count (/var/work/paymentApp/packages/apiModels/node_modules/sequelize/lib/model.js:1306:20)\n    at async getActiveCount (/var/work/paymentApp/AdminApi/src/controllers/subscription.controller.js:362:21)","timestamp":"2025-12-25 17:34:39"}
{"level":"error","message":"Model \"AppliPortalcation\" not found","method":"GET","path":"/api/portals/count","service":"bitrix-admin-api","stack":"Error: Model \"AppliPortalcation\" not found\n    at Database.getModel (/var/work/paymentApp/packages/apiModels/src/database.js:112:13)\n    at getActiveCount (/var/work/paymentApp/AdminApi/src/controllers/portal.controller.js:292:29)\n    at Layer.handle [as handle_request] (/var/work/paymentApp/AdminApi/node_modules/express/lib/router/layer.js:95:5)\n    at next (/var/work/paymentApp/AdminApi/node_modules/express/lib/router/route.js:137:13)\n    at authenticateToken (/var/work/paymentApp/AdminApi/src/middleware/auth.js:27:5)\n    at process.processTicksAndRejections (node:internal/process/task_queues:105:5)","timestamp":"2025-12-25 17:36:08"}
{"level":"error","message":"Unknown column 'Payment.is_active' in 'where clause'","method":"GET","path":"/api/payments/count","service":"bitrix-admin-api","stack":"Error\n    at Query.run (/var/work/paymentApp/packages/apiModels/node_modules/sequelize/lib/dialects/mysql/query.js:52:25)\n    at /var/work/paymentApp/packages/apiModels/node_modules/sequelize/lib/sequelize.js:315:28\n    at process.processTicksAndRejections (node:internal/process/task_queues:105:5)\n    at async MySQLQueryInterface.rawSelect (/var/work/paymentApp/packages/apiModels/node_modules/sequelize/lib/dialects/abstract/query-interface.js:434:18)\n    at async Payment.aggregate (/var/work/paymentApp/packages/apiModels/node_modules/sequelize/lib/model.js:1277:19)\n    at async Payment.count (/var/work/paymentApp/packages/apiModels/node_modules/sequelize/lib/model.js:1306:20)\n    at async getActiveCount (/var/work/paymentApp/AdminApi/src/controllers/payment.controller.js:236:21)","timestamp":"2025-12-25 17:36:08"}
{"level":"error","message":"Unknown column 'Subscription.is_active' in 'where clause'","method":"GET","path":"/api/subscriptions/count","service":"bitrix-admin-api","stack":"Error\n    at Query.run (/var/work/paymentApp/packages/apiModels/node_modules/sequelize/lib/dialects/mysql/query.js:52:25)\n    at /var/work/paymentApp/packages/apiModels/node_modules/sequelize/lib/sequelize.js:315:28\n    at process.processTicksAndRejections (node:internal/process/task_queues:105:5)\n    at async MySQLQueryInterface.rawSelect (/var/work/paymentApp/packages/apiModels/node_modules/sequelize/lib/dialects/abstract/query-interface.js:434:18)\n    at async Subscription.aggregate (/var/work/paymentApp/packages/apiModels/node_modules/sequelize/lib/model.js:1277:19)\n    at async Subscription.count (/var/work/paymentApp/packages/apiModels/node_modules/sequelize/lib/model.js:1306:20)\n    at async getActiveCount (/var/work/paymentApp/AdminApi/src/controllers/subscription.controller.js:362:21)","timestamp":"2025-12-25 17:36:08"}
{"level":"info","message":"Server listening on port 3001","service":"bitrix-admin-api","timestamp":"2025-12-25 17:37:04"}
{"level":"error","message":"Model \"AppliPortalcation\" not found","method":"GET","path":"/api/portals/count","service":"bitrix-admin-api","stack":"Error: Model \"AppliPortalcation\" not found\n    at Database.getModel (/var/work/paymentApp/packages/apiModels/src/database.js:112:13)\n    at getActiveCount (/var/work/paymentApp/AdminApi/src/controllers/portal.controller.js:292:29)\n    at Layer.handle [as handle_request] (/var/work/paymentApp/AdminApi/node_modules/express/lib/router/layer.js:95:5)\n    at next (/var/work/paymentApp/AdminApi/node_modules/express/lib/router/route.js:137:13)\n    at authenticateToken (/var/work/paymentApp/AdminApi/src/middleware/auth.js:27:5)\n    at process.processTicksAndRejections (node:internal/process/task_queues:105:5)","timestamp":"2025-12-25 17:37:08"}
{"level":"error","message":"Unknown column 'Payment.is_active' in 'where clause'","method":"GET","path":"/api/payments/count","service":"bitrix-admin-api","stack":"Error\n    at Query.run (/var/work/paymentApp/packages/apiModels/node_modules/sequelize/lib/dialects/mysql/query.js:52:25)\n    at /var/work/paymentApp/packages/apiModels/node_modules/sequelize/lib/sequelize.js:315:28\n    at process.processTicksAndRejections (node:internal/process/task_queues:105:5)\n    at async MySQLQueryInterface.rawSelect (/var/work/paymentApp/packages/apiModels/node_modules/sequelize/lib/dialects/abstract/query-interface.js:434:18)\n    at async Payment.aggregate (/var/work/paymentApp/packages/apiModels/node_modules/sequelize/lib/model.js:1277:19)\n    at async Payment.count (/var/work/paymentApp/packages/apiModels/node_modules/sequelize/lib/model.js:1306:20)\n    at async getActiveCount (/var/work/paymentApp/AdminApi/src/controllers/payment.controller.js:236:21)","timestamp":"2025-12-25 17:37:08"}
{"level":"info","message":"Server listening on port 3001","service":"bitrix-admin-api","timestamp":"2025-12-25 17:37:58"}
{"level":"info","message":"Server listening on port 3001","service":"bitrix-admin-api","timestamp":"2025-12-25 17:38:46"}
{"level":"info","message":"Server listening on port 3001","service":"bitrix-admin-api","timestamp":"2025-12-26 12:56:16"}
{"level":"info","message":"Server listening on port 3001","service":"bitrix-admin-api","timestamp":"2025-12-29 09:05:44"}
{"level":"info","message":"Server listening on port 3001","service":"bitrix-admin-api","timestamp":"2025-12-29 09:11:44"}
{"level":"info","message":"Server listening on port 3001","service":"bitrix-admin-api","timestamp":"2025-12-29 09:12:55"}
